#
# There is insufficient memory for the Java Runtime Environment to continue.
# Native memory allocation (malloc) failed to allocate 1289136 bytes for Chunk::new
# Possible reasons:
#   The system is out of physical RAM or swap space
#   The process is running with CompressedOops enabled, and the Java Heap may be blocking the growth of the native heap
# Possible solutions:
#   Reduce memory load on the system
#   Increase physical memory or swap space
#   Check if swap backing store is full
#   Decrease Java heap size (-Xmx/-Xms)
#   Decrease number of Java threads
#   Decrease Java thread stack sizes (-Xss)
#   Set larger code cache with -XX:ReservedCodeCacheSize=
#   JVM is running with Unscaled Compressed Oops mode in which the Java heap is
#     placed in the first 4GB address space. The Java Heap base address is the
#     maximum limit for the native heap growth. Please use -XX:HeapBaseMinAddress
#     to set the Java Heap base and to place the Java Heap above 4GB virtual address.
# This output file may be truncated or incomplete.
#
#  Out of Memory Error (./open/src/hotspot/share/memory/arena.cpp:197), pid=5296, tid=6724
#
# JRE version: Java(TM) SE Runtime Environment 18.9 (11.0.7+8) (build 11.0.7+8-LTS)
# Java VM: Java HotSpot(TM) 64-Bit Server VM 18.9 (11.0.7+8-LTS, mixed mode, tiered, compressed oops, g1 gc, windows-amd64)
# No core dump will be written. Minidumps are not enabled by default on client versions of Windows
#

---------------  S U M M A R Y ------------

Command Line: --add-opens=java.base/java.util=ALL-UNNAMED --add-opens=java.base/java.lang=ALL-UNNAMED --add-opens=java.base/java.lang.invoke=ALL-UNNAMED --add-opens=java.prefs/java.util.prefs=ALL-UNNAMED -Xmx2048m -Dfile.encoding=UTF-8 -Duser.country=RU -Duser.language=ru -Duser.variant org.gradle.launcher.daemon.bootstrap.GradleDaemon 6.7.1

Host: Intel(R) Core(TM) i5-8265U CPU @ 1.60GHz, 8 cores, 7G,  Windows 10 , 64 bit Build 17763 (10.0.17763.2686)
Time: Tue Apr 12 12:10:35 2022 RTZ 7 (ceia) elapsed time: 16 seconds (0d 0h 0m 16s)

---------------  T H R E A D  ---------------

Current thread (0x000001633c20c800):  JavaThread "C2 CompilerThread1" daemon [_thread_in_native, id=6724, stack(0x0000003c52e00000,0x0000003c52f00000)]


Current CompileTask:
C2:  16793 7571       4       org.objectweb.asm.Frame::execute (2318 bytes)

Stack: [0x0000003c52e00000,0x0000003c52f00000]
Native frames: (J=compiled Java code, j=interpreted, Vv=VM code, C=native code)
V  [jvm.dll+0x661a7a]
V  [jvm.dll+0x7a1b2f]
V  [jvm.dll+0x7a31d5]
V  [jvm.dll+0x7a3843]
V  [jvm.dll+0x25f1a8]
V  [jvm.dll+0xc2441]
V  [jvm.dll+0xc29cc]
V  [jvm.dll+0x2d0f84]
V  [jvm.dll+0x57d74f]
V  [jvm.dll+0x21a83f]
V  [jvm.dll+0x217766]
V  [jvm.dll+0x19407c]
V  [jvm.dll+0x226c74]
V  [jvm.dll+0x224e98]
V  [jvm.dll+0x765e25]
V  [jvm.dll+0x75e875]
V  [jvm.dll+0x660b26]
C  [ucrtbase.dll+0x2268a]
C  [KERNEL32.DLL+0x17974]
C  [ntdll.dll+0x5a2f1]


---------------  P R O C E S S  ---------------

Threads class SMR info:
_java_thread_list=0x000001633c7303a0, length=157, elements={
0x000001631a452000, 0x0000016339230800, 0x0000016339231800, 0x0000016339a96800,
0x0000016339a98800, 0x0000016339a9d000, 0x0000016339a9e800, 0x0000016339a9f800,
0x0000016339c08000, 0x0000016339c74800, 0x000001633b935000, 0x0000016339e3c000,
0x000001633b385000, 0x000001633b253800, 0x000001633b254800, 0x000001633b1e6800,
0x000001633af6f800, 0x000001633b374800, 0x000001633c047000, 0x000001633c045000,
0x000001633c042800, 0x000001633c047800, 0x000001633c048800, 0x000001633c20c800,
0x000001633c043800, 0x000001633c044800, 0x000001633c046000, 0x000001633c049000,
0x000001633e0b3800, 0x000001633e0b0000, 0x000001633e0b1000, 0x000001633e0b2000,
0x000001633e0b2800, 0x000001633e0b4800, 0x000001633e0ae800, 0x000001633e0b5000,
0x000001633e0af800, 0x000001633e0bb800, 0x000001633e0b6000, 0x000001633e0bb000,
0x000001633e0b8800, 0x000001633e0b7000, 0x000001633e0bc800, 0x000001633e0b9000,
0x000001633e0bd800, 0x000001633e0ba000, 0x000001633e0b7800, 0x000001633e104000,
0x000001633e100000, 0x000001633e106800, 0x000001633e103800, 0x000001633e105000,
0x000001633e107800, 0x000001633e102800, 0x000001633e10a800, 0x000001633e10b800,
0x000001633e108800, 0x000001633e109000, 0x000001633e10a000, 0x000001633e106000,
0x000001633e10c800, 0x000001633e10d000, 0x000001633e10e000, 0x000001633e10f000,
0x0000016340313800, 0x0000016340312000, 0x000001634030f800, 0x0000016340311800,
0x0000016340310800, 0x0000016340313000, 0x0000016340314800, 0x000001634030f000,
0x0000016340315800, 0x0000016340316000, 0x0000016340318800, 0x0000016340319800,
0x0000016340318000, 0x000001634031a800, 0x000001634031b000, 0x000001634031c000,
0x000001634031c800, 0x0000016340317000, 0x000001634031d800, 0x000001633daba000,
0x000001633dabc800, 0x000001633dabb800, 0x000001633dab9000, 0x000001633dabd000,
0x000001633dab8800, 0x000001633dabf000, 0x000001633dabf800, 0x000001633daba800,
0x000001633dac0800, 0x000001633dac1800, 0x000001633dac2000, 0x000001633dac3000,
0x000001633dac3800, 0x000001633dabe000, 0x000001633dac4800, 0x000001633dac5800,
0x000001633dac6000, 0x000001633dac7000, 0x000001634056a800, 0x000001634056d000,
0x000001634056b800, 0x000001634056e000, 0x000001634056c800, 0x000001634056f000,
0x000001634056f800, 0x000001634056a000, 0x0000016340576000, 0x0000016340573000,
0x0000016340570800, 0x0000016340572000, 0x0000016340573800, 0x0000016340574800,
0x0000016340575800, 0x0000016340577000, 0x0000016340571800, 0x0000016340578000,
0x0000016340578800, 0x0000016340766000, 0x0000016340765000, 0x000001634076c800,
0x0000016340768000, 0x000001634076a800, 0x000001634076b800, 0x0000016340766800,
0x000001634076d000, 0x000001634076a000, 0x0000016340767800, 0x000001634076e000,
0x000001634076f000, 0x0000016340769000, 0x0000016340773800, 0x000001634076f800,
0x0000016340770800, 0x0000016340773000, 0x0000016340771000, 0x0000016340772000,
0x000001633e99e800, 0x000001633e9a1000, 0x000001633e99f800, 0x000001633e99d800,
0x000001633e99b800, 0x000001633e9a0000, 0x000001633e9a2000, 0x000001633e99c000,
0x000001633e9a2800, 0x000001633e99d000, 0x000001633e9a9000, 0x000001633e9a3800,
0x000001633e9a8800, 0x000001633e9a7800, 0x000001633e9a6000, 0x000001633fbd0800,
0x000001633e9aa000
}

Java Threads: ( => current thread )
  0x000001631a452000 JavaThread "main" [_thread_blocked, id=13512, stack(0x0000003c50500000,0x0000003c50600000)]
  0x0000016339230800 JavaThread "Reference Handler" daemon [_thread_blocked, id=3252, stack(0x0000003c50c00000,0x0000003c50d00000)]
  0x0000016339231800 JavaThread "Finalizer" daemon [_thread_blocked, id=12796, stack(0x0000003c50d00000,0x0000003c50e00000)]
  0x0000016339a96800 JavaThread "Signal Dispatcher" daemon [_thread_blocked, id=7492, stack(0x0000003c50e00000,0x0000003c50f00000)]
  0x0000016339a98800 JavaThread "Attach Listener" daemon [_thread_blocked, id=6196, stack(0x0000003c50f00000,0x0000003c51000000)]
  0x0000016339a9d000 JavaThread "C2 CompilerThread0" daemon [_thread_in_native, id=10624, stack(0x0000003c51000000,0x0000003c51100000)]
  0x0000016339a9e800 JavaThread "C1 CompilerThread0" daemon [_thread_blocked, id=13956, stack(0x0000003c51100000,0x0000003c51200000)]
  0x0000016339a9f800 JavaThread "Sweeper thread" daemon [_thread_blocked, id=7948, stack(0x0000003c51200000,0x0000003c51300000)]
  0x0000016339c08000 JavaThread "Common-Cleaner" daemon [_thread_blocked, id=9440, stack(0x0000003c51300000,0x0000003c51400000)]
  0x0000016339c74800 JavaThread "Service Thread" daemon [_thread_blocked, id=5364, stack(0x0000003c51400000,0x0000003c51500000)]
  0x000001633b935000 JavaThread "Daemon health stats" [_thread_blocked, id=3196, stack(0x0000003c51a00000,0x0000003c51b00000)]
  0x0000016339e3c000 JavaThread "Incoming local TCP Connector on port 55187" [_thread_in_native, id=7732, stack(0x0000003c51b00000,0x0000003c51c00000)]
  0x000001633b385000 JavaThread "Daemon periodic checks" [_thread_blocked, id=13460, stack(0x0000003c51c00000,0x0000003c51d00000)]
  0x000001633b253800 JavaThread "Daemon" [_thread_blocked, id=12888, stack(0x0000003c51d00000,0x0000003c51e00000)]
  0x000001633b254800 JavaThread "Handler for socket connection from /127.0.0.1:55187 to /127.0.0.1:55188" [_thread_in_native, id=13892, stack(0x0000003c51e00000,0x0000003c51f00000)]
  0x000001633b1e6800 JavaThread "Cancel handler" [_thread_blocked, id=9464, stack(0x0000003c51f00000,0x0000003c52000000)]
  0x000001633af6f800 JavaThread "Daemon worker" [_thread_in_Java, id=11500, stack(0x0000003c52000000,0x0000003c52100000)]
  0x000001633b374800 JavaThread "Asynchronous log dispatcher for DefaultDaemonConnection: socket connection from /127.0.0.1:55187 to /127.0.0.1:55188" [_thread_blocked, id=9644, stack(0x0000003c52100000,0x0000003c52200000)]
  0x000001633c047000 JavaThread "Stdin handler" [_thread_blocked, id=1696, stack(0x0000003c52200000,0x0000003c52300000)]
  0x000001633c045000 JavaThread "Thread-8" [_thread_blocked, id=9280, stack(0x0000003c52300000,0x0000003c52400000)]
  0x000001633c042800 JavaThread "Cache worker for file hash cache (C:\Users\Ivan\.gradle\caches\6.7.1\fileHashes)" [_thread_blocked, id=8860, stack(0x0000003c52b00000,0x0000003c52c00000)]
  0x000001633c047800 JavaThread "File lock request listener" [_thread_in_native, id=9104, stack(0x0000003c52400000,0x0000003c52500000)]
  0x000001633c048800 JavaThread "Cache worker for journal cache (C:\Users\Ivan\.gradle\caches\journal-1)" [_thread_blocked, id=2272, stack(0x0000003c52d00000,0x0000003c52e00000)]
=>0x000001633c20c800 JavaThread "C2 CompilerThread1" daemon [_thread_in_native, id=6724, stack(0x0000003c52e00000,0x0000003c52f00000)]
  0x000001633c043800 JavaThread "Cache worker for file hash cache (C:\Users\Ivan\AndroidStudioProjects\TabsDemo\.gradle\6.7.1\fileHashes)" [_thread_blocked, id=3292, stack(0x0000003c53000000,0x0000003c53100000)]
  0x000001633c044800 JavaThread "jar transforms" [_thread_blocked, id=13932, stack(0x0000003c53100000,0x0000003c53200000)]
  0x000001633c046000 JavaThread "jar transforms Thread 2" [_thread_blocked, id=3972, stack(0x0000003c53200000,0x0000003c53300000)]
  0x000001633c049000 JavaThread "jar transforms Thread 3" [_thread_blocked, id=13340, stack(0x0000003c53300000,0x0000003c53400000)]
  0x000001633e0b3800 JavaThread "jar transforms Thread 4" [_thread_blocked, id=12704, stack(0x0000003c53400000,0x0000003c53500000)]
  0x000001633e0b0000 JavaThread "jar transforms Thread 5" [_thread_blocked, id=12316, stack(0x0000003c53500000,0x0000003c53600000)]
  0x000001633e0b1000 JavaThread "jar transforms Thread 6" [_thread_blocked, id=11568, stack(0x0000003c53600000,0x0000003c53700000)]
  0x000001633e0b2000 JavaThread "jar transforms Thread 7" [_thread_blocked, id=13812, stack(0x0000003c53700000,0x0000003c53800000)]
  0x000001633e0b2800 JavaThread "jar transforms Thread 8" [_thread_blocked, id=13384, stack(0x0000003c53800000,0x0000003c53900000)]
  0x000001633e0b4800 JavaThread "jar transforms Thread 9" [_thread_blocked, id=13912, stack(0x0000003c53900000,0x0000003c53a00000)]
  0x000001633e0ae800 JavaThread "jar transforms Thread 10" [_thread_blocked, id=12952, stack(0x0000003c53a00000,0x0000003c53b00000)]
  0x000001633e0b5000 JavaThread "jar transforms Thread 11" [_thread_blocked, id=8604, stack(0x0000003c53b00000,0x0000003c53c00000)]
  0x000001633e0af800 JavaThread "jar transforms Thread 12" [_thread_blocked, id=8132, stack(0x0000003c53c00000,0x0000003c53d00000)]
  0x000001633e0bb800 JavaThread "jar transforms Thread 13" [_thread_blocked, id=692, stack(0x0000003c53d00000,0x0000003c53e00000)]
  0x000001633e0b6000 JavaThread "jar transforms Thread 14" [_thread_blocked, id=11012, stack(0x0000003c53e00000,0x0000003c53f00000)]
  0x000001633e0bb000 JavaThread "jar transforms Thread 15" [_thread_blocked, id=13328, stack(0x0000003c53f00000,0x0000003c54000000)]
  0x000001633e0b8800 JavaThread "jar transforms Thread 16" [_thread_blocked, id=8852, stack(0x0000003c54000000,0x0000003c54100000)]
  0x000001633e0b7000 JavaThread "jar transforms Thread 17" [_thread_blocked, id=14316, stack(0x0000003c54100000,0x0000003c54200000)]
  0x000001633e0bc800 JavaThread "jar transforms Thread 18" [_thread_blocked, id=832, stack(0x0000003c54200000,0x0000003c54300000)]
  0x000001633e0b9000 JavaThread "jar transforms Thread 19" [_thread_blocked, id=12556, stack(0x0000003c54300000,0x0000003c54400000)]
  0x000001633e0bd800 JavaThread "jar transforms Thread 20" [_thread_blocked, id=8760, stack(0x0000003c54400000,0x0000003c54500000)]
  0x000001633e0ba000 JavaThread "jar transforms Thread 21" [_thread_blocked, id=11988, stack(0x0000003c54500000,0x0000003c54600000)]
  0x000001633e0b7800 JavaThread "Cache worker for checksums cache (C:\Users\Ivan\AndroidStudioProjects\TabsDemo\.gradle\checksums)" [_thread_blocked, id=6968, stack(0x0000003c54600000,0x0000003c54700000)]
  0x000001633e104000 JavaThread "Cache worker for cache directory md-supplier (C:\Users\Ivan\.gradle\caches\6.7.1\md-supplier)" [_thread_blocked, id=13484, stack(0x0000003c54700000,0x0000003c54800000)]
  0x000001633e100000 JavaThread "Cache worker for cache directory md-rule (C:\Users\Ivan\.gradle\caches\6.7.1\md-rule)" [_thread_blocked, id=2608, stack(0x0000003c54800000,0x0000003c54900000)]
  0x000001633e106800 JavaThread "Cache worker for execution history cache (C:\Users\Ivan\.gradle\caches\6.7.1\executionHistory)" [_thread_blocked, id=2572, stack(0x0000003c54900000,0x0000003c54a00000)]
  0x000001633e103800 JavaThread "Cache worker for file content cache (C:\Users\Ivan\.gradle\caches\6.7.1\fileContent)" [_thread_blocked, id=14320, stack(0x0000003c54a00000,0x0000003c54b00000)]
  0x000001633e105000 JavaThread "Cache worker for Build Output Cleanup Cache (C:\Users\Ivan\AndroidStudioProjects\TabsDemo\.gradle\buildOutputCleanup)" [_thread_blocked, id=9960, stack(0x0000003c54b00000,0x0000003c54c00000)]
  0x000001633e107800 JavaThread "Build operations" [_thread_blocked, id=1740, stack(0x0000003c54c00000,0x0000003c54d00000)]
  0x000001633e102800 JavaThread "Build operations Thread 2" [_thread_blocked, id=1728, stack(0x0000003c54d00000,0x0000003c54e00000)]
  0x000001633e10a800 JavaThread "Build operations Thread 3" [_thread_blocked, id=13916, stack(0x0000003c54e00000,0x0000003c54f00000)]
  0x000001633e10b800 JavaThread "Build operations Thread 4" [_thread_blocked, id=10264, stack(0x0000003c54f00000,0x0000003c55000000)]
  0x000001633e108800 JavaThread "Build operations Thread 5" [_thread_blocked, id=3272, stack(0x0000003c55000000,0x0000003c55100000)]
  0x000001633e109000 JavaThread "Build operations Thread 6" [_thread_blocked, id=12100, stack(0x0000003c55100000,0x0000003c55200000)]
  0x000001633e10a000 JavaThread "Build operations Thread 7" [_thread_blocked, id=14196, stack(0x0000003c55200000,0x0000003c55300000)]
  0x000001633e106000 JavaThread "Build operations Thread 8" [_thread_blocked, id=8796, stack(0x0000003c55300000,0x0000003c55400000)]
  0x000001633e10c800 JavaThread "jar transforms Thread 22" [_thread_blocked, id=12972, stack(0x0000003c55400000,0x0000003c55500000)]
  0x000001633e10d000 JavaThread "jar transforms Thread 23" [_thread_blocked, id=11940, stack(0x0000003c55500000,0x0000003c55600000)]
  0x000001633e10e000 JavaThread "jar transforms Thread 24" [_thread_blocked, id=13296, stack(0x0000003c55600000,0x0000003c55700000)]
  0x000001633e10f000 JavaThread "jar transforms Thread 25" [_thread_blocked, id=1760, stack(0x0000003c55700000,0x0000003c55800000)]
  0x0000016340313800 JavaThread "jar transforms Thread 26" [_thread_blocked, id=3804, stack(0x0000003c55800000,0x0000003c55900000)]
  0x0000016340312000 JavaThread "jar transforms Thread 27" [_thread_blocked, id=1464, stack(0x0000003c55900000,0x0000003c55a00000)]
  0x000001634030f800 JavaThread "jar transforms Thread 28" [_thread_blocked, id=11544, stack(0x0000003c55a00000,0x0000003c55b00000)]
  0x0000016340311800 JavaThread "jar transforms Thread 29" [_thread_blocked, id=4652, stack(0x0000003c55b00000,0x0000003c55c00000)]
  0x0000016340310800 JavaThread "jar transforms Thread 30" [_thread_blocked, id=12628, stack(0x0000003c55c00000,0x0000003c55d00000)]
  0x0000016340313000 JavaThread "jar transforms Thread 31" [_thread_blocked, id=3548, stack(0x0000003c55d00000,0x0000003c55e00000)]
  0x0000016340314800 JavaThread "jar transforms Thread 32" [_thread_blocked, id=9492, stack(0x0000003c55e00000,0x0000003c55f00000)]
  0x000001634030f000 JavaThread "jar transforms Thread 33" [_thread_blocked, id=13816, stack(0x0000003c55f00000,0x0000003c56000000)]
  0x0000016340315800 JavaThread "jar transforms Thread 34" [_thread_blocked, id=10820, stack(0x0000003c56000000,0x0000003c56100000)]
  0x0000016340316000 JavaThread "jar transforms Thread 35" [_thread_blocked, id=8312, stack(0x0000003c56100000,0x0000003c56200000)]
  0x0000016340318800 JavaThread "jar transforms Thread 36" [_thread_blocked, id=10060, stack(0x0000003c56200000,0x0000003c56300000)]
  0x0000016340319800 JavaThread "jar transforms Thread 37" [_thread_blocked, id=6808, stack(0x0000003c56300000,0x0000003c56400000)]
  0x0000016340318000 JavaThread "jar transforms Thread 38" [_thread_blocked, id=8400, stack(0x0000003c56400000,0x0000003c56500000)]
  0x000001634031a800 JavaThread "jar transforms Thread 39" [_thread_blocked, id=12028, stack(0x0000003c56500000,0x0000003c56600000)]
  0x000001634031b000 JavaThread "jar transforms Thread 40" [_thread_blocked, id=12640, stack(0x0000003c56600000,0x0000003c56700000)]
  0x000001634031c000 JavaThread "jar transforms Thread 41" [_thread_blocked, id=8328, stack(0x0000003c56700000,0x0000003c56800000)]
  0x000001634031c800 JavaThread "jar transforms Thread 42" [_thread_blocked, id=3164, stack(0x0000003c56800000,0x0000003c56900000)]
  0x0000016340317000 JavaThread "jar transforms Thread 43" [_thread_blocked, id=11968, stack(0x0000003c56900000,0x0000003c56a00000)]
  0x000001634031d800 JavaThread "jar transforms Thread 44" [_thread_blocked, id=7488, stack(0x0000003c56a00000,0x0000003c56b00000)]
  0x000001633daba000 JavaThread "jar transforms Thread 45" [_thread_blocked, id=1876, stack(0x0000003c56b00000,0x0000003c56c00000)]
  0x000001633dabc800 JavaThread "jar transforms Thread 46" [_thread_blocked, id=9916, stack(0x0000003c56c00000,0x0000003c56d00000)]
  0x000001633dabb800 JavaThread "jar transforms Thread 47" [_thread_blocked, id=9608, stack(0x0000003c56d00000,0x0000003c56e00000)]
  0x000001633dab9000 JavaThread "jar transforms Thread 48" [_thread_blocked, id=11864, stack(0x0000003c56e00000,0x0000003c56f00000)]
  0x000001633dabd000 JavaThread "jar transforms Thread 49" [_thread_blocked, id=8964, stack(0x0000003c56f00000,0x0000003c57000000)]
  0x000001633dab8800 JavaThread "jar transforms Thread 50" [_thread_blocked, id=10252, stack(0x0000003c57000000,0x0000003c57100000)]
  0x000001633dabf000 JavaThread "jar transforms Thread 51" [_thread_blocked, id=5688, stack(0x0000003c57100000,0x0000003c57200000)]
  0x000001633dabf800 JavaThread "jar transforms Thread 52" [_thread_blocked, id=10656, stack(0x0000003c57200000,0x0000003c57300000)]
  0x000001633daba800 JavaThread "jar transforms Thread 53" [_thread_blocked, id=10984, stack(0x0000003c57300000,0x0000003c57400000)]
  0x000001633dac0800 JavaThread "jar transforms Thread 54" [_thread_blocked, id=13208, stack(0x0000003c57400000,0x0000003c57500000)]
  0x000001633dac1800 JavaThread "jar transforms Thread 55" [_thread_blocked, id=8336, stack(0x0000003c57500000,0x0000003c57600000)]
  0x000001633dac2000 JavaThread "jar transforms Thread 56" [_thread_blocked, id=11792, stack(0x0000003c57600000,0x0000003c57700000)]
  0x000001633dac3000 JavaThread "jar transforms Thread 57" [_thread_blocked, id=2824, stack(0x0000003c57700000,0x0000003c57800000)]
  0x000001633dac3800 JavaThread "jar transforms Thread 58" [_thread_blocked, id=11656, stack(0x0000003c57800000,0x0000003c57900000)]
  0x000001633dabe000 JavaThread "jar transforms Thread 59" [_thread_blocked, id=2760, stack(0x0000003c57900000,0x0000003c57a00000)]
  0x000001633dac4800 JavaThread "jar transforms Thread 60" [_thread_blocked, id=3296, stack(0x0000003c57a00000,0x0000003c57b00000)]
  0x000001633dac5800 JavaThread "jar transforms Thread 61" [_thread_blocked, id=1656, stack(0x0000003c57b00000,0x0000003c57c00000)]
  0x000001633dac6000 JavaThread "jar transforms Thread 62" [_thread_blocked, id=13712, stack(0x0000003c57c00000,0x0000003c57d00000)]
  0x000001633dac7000 JavaThread "jar transforms Thread 63" [_thread_blocked, id=13516, stack(0x0000003c57d00000,0x0000003c57e00000)]
  0x000001634056a800 JavaThread "jar transforms Thread 64" [_thread_blocked, id=4020, stack(0x0000003c57e00000,0x0000003c57f00000)]
  0x000001634056d000 JavaThread "jar transforms Thread 65" [_thread_blocked, id=7544, stack(0x0000003c57f00000,0x0000003c58000000)]
  0x000001634056b800 JavaThread "jar transforms Thread 66" [_thread_blocked, id=10288, stack(0x0000003c58000000,0x0000003c58100000)]
  0x000001634056e000 JavaThread "jar transforms Thread 67" [_thread_blocked, id=10660, stack(0x0000003c58100000,0x0000003c58200000)]
  0x000001634056c800 JavaThread "jar transforms Thread 68" [_thread_blocked, id=8768, stack(0x0000003c58200000,0x0000003c58300000)]
  0x000001634056f000 JavaThread "jar transforms Thread 69" [_thread_blocked, id=13240, stack(0x0000003c58300000,0x0000003c58400000)]
  0x000001634056f800 JavaThread "jar transforms Thread 70" [_thread_blocked, id=6440, stack(0x0000003c58400000,0x0000003c58500000)]
  0x000001634056a000 JavaThread "jar transforms Thread 71" [_thread_blocked, id=8184, stack(0x0000003c58500000,0x0000003c58600000)]
  0x0000016340576000 JavaThread "jar transforms Thread 72" [_thread_blocked, id=7564, stack(0x0000003c58600000,0x0000003c58700000)]
  0x0000016340573000 JavaThread "jar transforms Thread 73" [_thread_blocked, id=8660, stack(0x0000003c58700000,0x0000003c58800000)]
  0x0000016340570800 JavaThread "jar transforms Thread 74" [_thread_blocked, id=11404, stack(0x0000003c58800000,0x0000003c58900000)]
  0x0000016340572000 JavaThread "jar transforms Thread 75" [_thread_blocked, id=13188, stack(0x0000003c58900000,0x0000003c58a00000)]
  0x0000016340573800 JavaThread "jar transforms Thread 76" [_thread_blocked, id=13300, stack(0x0000003c58a00000,0x0000003c58b00000)]
  0x0000016340574800 JavaThread "jar transforms Thread 77" [_thread_blocked, id=7304, stack(0x0000003c58b00000,0x0000003c58c00000)]
  0x0000016340575800 JavaThread "jar transforms Thread 78" [_thread_blocked, id=8776, stack(0x0000003c58c00000,0x0000003c58d00000)]
  0x0000016340577000 JavaThread "jar transforms Thread 79" [_thread_blocked, id=14028, stack(0x0000003c58d00000,0x0000003c58e00000)]
  0x0000016340571800 JavaThread "jar transforms Thread 80" [_thread_blocked, id=9872, stack(0x0000003c58e00000,0x0000003c58f00000)]
  0x0000016340578000 JavaThread "jar transforms Thread 81" [_thread_blocked, id=10140, stack(0x0000003c58f00000,0x0000003c59000000)]
  0x0000016340578800 JavaThread "jar transforms Thread 82" [_thread_blocked, id=636, stack(0x0000003c59000000,0x0000003c59100000)]
  0x0000016340766000 JavaThread "jar transforms Thread 83" [_thread_blocked, id=13432, stack(0x0000003c59100000,0x0000003c59200000)]
  0x0000016340765000 JavaThread "jar transforms Thread 84" [_thread_blocked, id=6860, stack(0x0000003c59200000,0x0000003c59300000)]
  0x000001634076c800 JavaThread "jar transforms Thread 85" [_thread_blocked, id=10248, stack(0x0000003c59300000,0x0000003c59400000)]
  0x0000016340768000 JavaThread "jar transforms Thread 86" [_thread_blocked, id=11724, stack(0x0000003c59400000,0x0000003c59500000)]
  0x000001634076a800 JavaThread "jar transforms Thread 87" [_thread_blocked, id=8676, stack(0x0000003c59500000,0x0000003c59600000)]
  0x000001634076b800 JavaThread "jar transforms Thread 88" [_thread_blocked, id=1480, stack(0x0000003c59600000,0x0000003c59700000)]
  0x0000016340766800 JavaThread "jar transforms Thread 89" [_thread_blocked, id=2472, stack(0x0000003c59700000,0x0000003c59800000)]
  0x000001634076d000 JavaThread "jar transforms Thread 90" [_thread_blocked, id=10800, stack(0x0000003c59800000,0x0000003c59900000)]
  0x000001634076a000 JavaThread "jar transforms Thread 91" [_thread_blocked, id=12652, stack(0x0000003c59900000,0x0000003c59a00000)]
  0x0000016340767800 JavaThread "jar transforms Thread 92" [_thread_blocked, id=11772, stack(0x0000003c59a00000,0x0000003c59b00000)]
  0x000001634076e000 JavaThread "jar transforms Thread 93" [_thread_blocked, id=2768, stack(0x0000003c59b00000,0x0000003c59c00000)]
  0x000001634076f000 JavaThread "jar transforms Thread 94" [_thread_blocked, id=12760, stack(0x0000003c59c00000,0x0000003c59d00000)]
  0x0000016340769000 JavaThread "jar transforms Thread 95" [_thread_blocked, id=6628, stack(0x0000003c59d00000,0x0000003c59e00000)]
  0x0000016340773800 JavaThread "jar transforms Thread 96" [_thread_blocked, id=4520, stack(0x0000003c59e00000,0x0000003c59f00000)]
  0x000001634076f800 JavaThread "jar transforms Thread 97" [_thread_blocked, id=7848, stack(0x0000003c59f00000,0x0000003c5a000000)]
  0x0000016340770800 JavaThread "jar transforms Thread 98" [_thread_blocked, id=9040, stack(0x0000003c5a000000,0x0000003c5a100000)]
  0x0000016340773000 JavaThread "jar transforms Thread 99" [_thread_blocked, id=11112, stack(0x0000003c5a100000,0x0000003c5a200000)]
  0x0000016340771000 JavaThread "jar transforms Thread 100" [_thread_blocked, id=9064, stack(0x0000003c5a200000,0x0000003c5a300000)]
  0x0000016340772000 JavaThread "jar transforms Thread 101" [_thread_blocked, id=2324, stack(0x0000003c5a300000,0x0000003c5a400000)]
  0x000001633e99e800 JavaThread "jar transforms Thread 102" [_thread_blocked, id=13072, stack(0x0000003c5a400000,0x0000003c5a500000)]
  0x000001633e9a1000 JavaThread "jar transforms Thread 103" [_thread_blocked, id=7620, stack(0x0000003c5a500000,0x0000003c5a600000)]
  0x000001633e99f800 JavaThread "jar transforms Thread 104" [_thread_blocked, id=3024, stack(0x0000003c5a600000,0x0000003c5a700000)]
  0x000001633e99d800 JavaThread "jar transforms Thread 105" [_thread_blocked, id=13144, stack(0x0000003c5a700000,0x0000003c5a800000)]
  0x000001633e99b800 JavaThread "jar transforms Thread 106" [_thread_blocked, id=8060, stack(0x0000003c5a800000,0x0000003c5a900000)]
  0x000001633e9a0000 JavaThread "jar transforms Thread 107" [_thread_blocked, id=6316, stack(0x0000003c5a900000,0x0000003c5aa00000)]
  0x000001633e9a2000 JavaThread "jar transforms Thread 108" [_thread_blocked, id=9944, stack(0x0000003c5aa00000,0x0000003c5ab00000)]
  0x000001633e99c000 JavaThread "jar transforms Thread 109" [_thread_blocked, id=10896, stack(0x0000003c5ab00000,0x0000003c5ac00000)]
  0x000001633e9a2800 JavaThread "jar transforms Thread 110" [_thread_blocked, id=964, stack(0x0000003c5ac00000,0x0000003c5ad00000)]
  0x000001633e99d000 JavaThread "jar transforms Thread 111" [_thread_blocked, id=12644, stack(0x0000003c5ad00000,0x0000003c5ae00000)]
  0x000001633e9a9000 JavaThread "jar transforms Thread 112" [_thread_blocked, id=6136, stack(0x0000003c5ae00000,0x0000003c5af00000)]
  0x000001633e9a3800 JavaThread "jar transforms Thread 113" [_thread_blocked, id=11904, stack(0x0000003c5af00000,0x0000003c5b000000)]
  0x000001633e9a8800 JavaThread "jar transforms Thread 114" [_thread_blocked, id=12864, stack(0x0000003c5b000000,0x0000003c5b100000)]
  0x000001633e9a7800 JavaThread "jar transforms Thread 115" [_thread_blocked, id=11004, stack(0x0000003c5b100000,0x0000003c5b200000)]
  0x000001633e9a6000 JavaThread "jar transforms Thread 116" [_thread_blocked, id=7204, stack(0x0000003c5b200000,0x0000003c5b300000)]
  0x000001633fbd0800 JavaThread "C2 CompilerThread2" daemon [_thread_in_native, id=6172, stack(0x0000003c52f00000,0x0000003c53000000)]
  0x000001633e9aa000 JavaThread "Memory manager" [_thread_blocked, id=11900, stack(0x0000003c5b300000,0x0000003c5b400000)]

Other Threads:
  0x000001633922e800 VMThread "VM Thread" [stack: 0x0000003c50b00000,0x0000003c50c00000] [id=10096]
  0x0000016339cbb800 WatcherThread [stack: 0x0000003c51500000,0x0000003c51600000] [id=11716]
  0x000001631a469000 GCTaskThread "GC Thread#0" [stack: 0x0000003c50600000,0x0000003c50700000] [id=2716]
  0x000001633ab96000 GCTaskThread "GC Thread#1" [stack: 0x0000003c51700000,0x0000003c51800000] [id=10056]
  0x000001633a7e3000 GCTaskThread "GC Thread#2" [stack: 0x0000003c51800000,0x0000003c51900000] [id=11508]
  0x000001633a673000 GCTaskThread "GC Thread#3" [stack: 0x0000003c52500000,0x0000003c52600000] [id=12268]
  0x000001633b168800 GCTaskThread "GC Thread#4" [stack: 0x0000003c52600000,0x0000003c52700000] [id=13904]
  0x000001633b2b4000 GCTaskThread "GC Thread#5" [stack: 0x0000003c52700000,0x0000003c52800000] [id=3704]
  0x000001633bfff800 GCTaskThread "GC Thread#6" [stack: 0x0000003c52800000,0x0000003c52900000] [id=12088]
  0x000001633bfe3800 GCTaskThread "GC Thread#7" [stack: 0x0000003c52900000,0x0000003c52a00000] [id=9088]
  0x000001631a49f800 ConcurrentGCThread "G1 Main Marker" [stack: 0x0000003c50700000,0x0000003c50800000] [id=13840]
  0x000001631a4a1800 ConcurrentGCThread "G1 Conc#0" [stack: 0x0000003c50800000,0x0000003c50900000] [id=5752]
  0x000001633be6e000 ConcurrentGCThread "G1 Conc#1" [stack: 0x0000003c52c00000,0x0000003c52d00000] [id=4072]
  0x000001633907f800 ConcurrentGCThread "G1 Refine#0" [stack: 0x0000003c50900000,0x0000003c50a00000] [id=14280]
  0x000001633b3b8000 ConcurrentGCThread "G1 Refine#1" [stack: 0x0000003c52a00000,0x0000003c52b00000] [id=8416]
  0x0000016339080800 ConcurrentGCThread "G1 Young RemSet Sampling" [stack: 0x0000003c50a00000,0x0000003c50b00000] [id=11496]

Threads with active compile tasks:
C2 CompilerThread07614       4       org.gradle.internal.reflect.ClassInspector::inspectClass (179 bytes)
C2 CompilerThread17571       4       org.objectweb.asm.Frame::execute (2318 bytes)
C2 CompilerThread27391       4       org.gradle.internal.instantiation.generator.AbstractClassGenerator::inspectType (560 bytes)

VM state:not at safepoint (normal execution)

VM Mutex/Monitor currently owned by a thread: None

Heap address: 0x0000000080000000, size: 2048 MB, Compressed Oops mode: 32-bit
Narrow klass base: 0x0000000000000000, Narrow klass shift: 3
Compressed class space size: 1073741824 Address: 0x0000000100000000

Heap:
 garbage-first heap   total 131072K, used 102620K [0x0000000080000000, 0x0000000100000000)
  region size 1024K, 23 young (23552K), 4 survivors (4096K)
 Metaspace       used 81545K, capacity 83580K, committed 83712K, reserved 1122304K
  class space    used 10507K, capacity 11146K, committed 11264K, reserved 1048576K
Heap Regions: E=young(eden), S=young(survivor), O=old, HS=humongous(starts), HC=humongous(continues), CS=collection set, F=free, A=archive, TAMS=top-at-mark-start (previous, next)
|   0|0x0000000080000000, 0x0000000080100000, 0x0000000080100000|100%| O|  |TAMS 0x0000000080100000, 0x0000000080000000| Untracked 
|   1|0x0000000080100000, 0x0000000080200000, 0x0000000080200000|100%| O|  |TAMS 0x0000000080200000, 0x0000000080100000| Untracked 
|   2|0x0000000080200000, 0x0000000080300000, 0x0000000080300000|100%| O|  |TAMS 0x0000000080300000, 0x0000000080200000| Untracked 
|   3|0x0000000080300000, 0x0000000080400000, 0x0000000080400000|100%|HS|  |TAMS 0x0000000080400000, 0x0000000080300000| Complete 
|   4|0x0000000080400000, 0x0000000080500000, 0x0000000080500000|100%|HC|  |TAMS 0x0000000080500000, 0x0000000080400000| Complete 
|   5|0x0000000080500000, 0x0000000080600000, 0x0000000080600000|100%|HC|  |TAMS 0x0000000080600000, 0x0000000080500000| Complete 
|   6|0x0000000080600000, 0x0000000080700000, 0x0000000080700000|100%| O|  |TAMS 0x0000000080700000, 0x0000000080600000| Untracked 
|   7|0x0000000080700000, 0x0000000080800000, 0x0000000080800000|100%| O|  |TAMS 0x0000000080800000, 0x0000000080700000| Untracked 
|   8|0x0000000080800000, 0x0000000080900000, 0x0000000080900000|100%| O|  |TAMS 0x0000000080900000, 0x0000000080800000| Untracked 
|   9|0x0000000080900000, 0x0000000080a00000, 0x0000000080a00000|100%| O|  |TAMS 0x0000000080a00000, 0x0000000080900000| Untracked 
|  10|0x0000000080a00000, 0x0000000080b00000, 0x0000000080b00000|100%| O|  |TAMS 0x0000000080b00000, 0x0000000080a00000| Untracked 
|  11|0x0000000080b00000, 0x0000000080c00000, 0x0000000080c00000|100%| O|  |TAMS 0x0000000080c00000, 0x0000000080b00000| Untracked 
|  12|0x0000000080c00000, 0x0000000080d00000, 0x0000000080d00000|100%| O|  |TAMS 0x0000000080d00000, 0x0000000080c00000| Untracked 
|  13|0x0000000080d00000, 0x0000000080e00000, 0x0000000080e00000|100%| O|  |TAMS 0x0000000080e00000, 0x0000000080d00000| Untracked 
|  14|0x0000000080e00000, 0x0000000080f00000, 0x0000000080f00000|100%| O|  |TAMS 0x0000000080f00000, 0x0000000080e00000| Untracked 
|  15|0x0000000080f00000, 0x0000000081000000, 0x0000000081000000|100%| O|  |TAMS 0x0000000081000000, 0x0000000080f00000| Untracked 
|  16|0x0000000081000000, 0x0000000081100000, 0x0000000081100000|100%|HS|  |TAMS 0x0000000081100000, 0x0000000081000000| Complete 
|  17|0x0000000081100000, 0x0000000081200000, 0x0000000081200000|100%|HC|  |TAMS 0x0000000081200000, 0x0000000081100000| Complete 
|  18|0x0000000081200000, 0x0000000081300000, 0x0000000081300000|100%|HS|  |TAMS 0x0000000081300000, 0x0000000081200000| Complete 
|  19|0x0000000081300000, 0x0000000081400000, 0x0000000081400000|100%|HC|  |TAMS 0x0000000081400000, 0x0000000081300000| Complete 
|  20|0x0000000081400000, 0x0000000081500000, 0x0000000081500000|100%|HC|  |TAMS 0x0000000081500000, 0x0000000081400000| Complete 
|  21|0x0000000081500000, 0x0000000081600000, 0x0000000081600000|100%|HS|  |TAMS 0x0000000081600000, 0x0000000081500000| Complete 
|  22|0x0000000081600000, 0x0000000081700000, 0x0000000081700000|100%|HC|  |TAMS 0x0000000081700000, 0x0000000081600000| Complete 
|  23|0x0000000081700000, 0x0000000081800000, 0x0000000081800000|100%|HC|  |TAMS 0x0000000081800000, 0x0000000081700000| Complete 
|  24|0x0000000081800000, 0x0000000081900000, 0x0000000081900000|100%|HC|  |TAMS 0x0000000081900000, 0x0000000081800000| Complete 
|  25|0x0000000081900000, 0x0000000081a00000, 0x0000000081a00000|100%| O|  |TAMS 0x0000000081a00000, 0x0000000081900000| Untracked 
|  26|0x0000000081a00000, 0x0000000081b00000, 0x0000000081b00000|100%| O|  |TAMS 0x0000000081b00000, 0x0000000081a00000| Untracked 
|  27|0x0000000081b00000, 0x0000000081c00000, 0x0000000081c00000|100%| O|  |TAMS 0x0000000081c00000, 0x0000000081b00000| Untracked 
|  28|0x0000000081c00000, 0x0000000081d00000, 0x0000000081d00000|100%| O|  |TAMS 0x0000000081d00000, 0x0000000081c00000| Untracked 
|  29|0x0000000081d00000, 0x0000000081e00000, 0x0000000081e00000|100%| O|  |TAMS 0x0000000081e00000, 0x0000000081d00000| Untracked 
|  30|0x0000000081e00000, 0x0000000081f00000, 0x0000000081f00000|100%| O|  |TAMS 0x0000000081f00000, 0x0000000081e00000| Untracked 
|  31|0x0000000081f00000, 0x0000000082000000, 0x0000000082000000|100%| O|  |TAMS 0x0000000082000000, 0x0000000081f00000| Untracked 
|  32|0x0000000082000000, 0x0000000082100000, 0x0000000082100000|100%| O|  |TAMS 0x0000000082100000, 0x0000000082000000| Untracked 
|  33|0x0000000082100000, 0x0000000082200000, 0x0000000082200000|100%| O|  |TAMS 0x0000000082200000, 0x0000000082100000| Untracked 
|  34|0x0000000082200000, 0x0000000082300000, 0x0000000082300000|100%|HS|  |TAMS 0x0000000082300000, 0x0000000082200000| Complete 
|  35|0x0000000082300000, 0x0000000082400000, 0x0000000082400000|100%|HC|  |TAMS 0x0000000082400000, 0x0000000082300000| Complete 
|  36|0x0000000082400000, 0x0000000082500000, 0x0000000082500000|100%|HC|  |TAMS 0x0000000082500000, 0x0000000082400000| Complete 
|  37|0x0000000082500000, 0x0000000082600000, 0x0000000082600000|100%|HC|  |TAMS 0x0000000082600000, 0x0000000082500000| Complete 
|  38|0x0000000082600000, 0x0000000082700000, 0x0000000082700000|100%|HS|  |TAMS 0x0000000082700000, 0x0000000082600000| Complete 
|  39|0x0000000082700000, 0x0000000082800000, 0x0000000082800000|100%|HC|  |TAMS 0x0000000082800000, 0x0000000082700000| Complete 
|  40|0x0000000082800000, 0x0000000082900000, 0x0000000082900000|100%|HC|  |TAMS 0x0000000082900000, 0x0000000082800000| Complete 
|  41|0x0000000082900000, 0x0000000082a00000, 0x0000000082a00000|100%| O|  |TAMS 0x0000000082a00000, 0x0000000082900000| Untracked 
|  42|0x0000000082a00000, 0x0000000082b00000, 0x0000000082b00000|100%| O|  |TAMS 0x0000000082b00000, 0x0000000082a00000| Untracked 
|  43|0x0000000082b00000, 0x0000000082c00000, 0x0000000082c00000|100%| O|  |TAMS 0x0000000082c00000, 0x0000000082b00000| Untracked 
|  44|0x0000000082c00000, 0x0000000082d00000, 0x0000000082d00000|100%| O|  |TAMS 0x0000000082d00000, 0x0000000082c00000| Untracked 
|  45|0x0000000082d00000, 0x0000000082e00000, 0x0000000082e00000|100%| O|  |TAMS 0x0000000082e00000, 0x0000000082d00000| Untracked 
|  46|0x0000000082e00000, 0x0000000082f00000, 0x0000000082f00000|100%| O|  |TAMS 0x0000000082f00000, 0x0000000082e00000| Untracked 
|  47|0x0000000082f00000, 0x0000000083000000, 0x0000000083000000|100%| O|  |TAMS 0x0000000083000000, 0x0000000082f00000| Untracked 
|  48|0x0000000083000000, 0x0000000083100000, 0x0000000083100000|100%|HS|  |TAMS 0x0000000083100000, 0x0000000083000000| Complete 
|  49|0x0000000083100000, 0x0000000083200000, 0x0000000083200000|100%|HS|  |TAMS 0x0000000083200000, 0x0000000083100000| Complete 
|  50|0x0000000083200000, 0x0000000083300000, 0x0000000083300000|100%|HC|  |TAMS 0x0000000083300000, 0x0000000083200000| Complete 
|  51|0x0000000083300000, 0x0000000083400000, 0x0000000083400000|100%|HC|  |TAMS 0x0000000083400000, 0x0000000083300000| Complete 
|  52|0x0000000083400000, 0x0000000083500000, 0x0000000083500000|100%|HS|  |TAMS 0x0000000083500000, 0x0000000083400000| Complete 
|  53|0x0000000083500000, 0x0000000083600000, 0x0000000083600000|100%|HC|  |TAMS 0x0000000083600000, 0x0000000083500000| Complete 
|  54|0x0000000083600000, 0x0000000083700000, 0x0000000083700000|100%| O|  |TAMS 0x0000000083700000, 0x0000000083600000| Untracked 
|  55|0x0000000083700000, 0x0000000083800000, 0x0000000083800000|100%| O|  |TAMS 0x0000000083800000, 0x0000000083700000| Untracked 
|  56|0x0000000083800000, 0x0000000083900000, 0x0000000083900000|100%| O|  |TAMS 0x0000000083900000, 0x0000000083800000| Untracked 
|  57|0x0000000083900000, 0x0000000083a00000, 0x0000000083a00000|100%| O|  |TAMS 0x0000000083a00000, 0x0000000083900000| Untracked 
|  58|0x0000000083a00000, 0x0000000083b00000, 0x0000000083b00000|100%| O|  |TAMS 0x0000000083b00000, 0x0000000083a00000| Untracked 
|  59|0x0000000083b00000, 0x0000000083c00000, 0x0000000083c00000|100%| O|  |TAMS 0x0000000083c00000, 0x0000000083b00000| Untracked 
|  60|0x0000000083c00000, 0x0000000083d00000, 0x0000000083d00000|100%| O|  |TAMS 0x0000000083d00000, 0x0000000083c00000| Untracked 
|  61|0x0000000083d00000, 0x0000000083e00000, 0x0000000083e00000|100%| O|  |TAMS 0x0000000083e00000, 0x0000000083d00000| Untracked 
|  62|0x0000000083e00000, 0x0000000083f00000, 0x0000000083f00000|100%| O|  |TAMS 0x0000000083f00000, 0x0000000083e00000| Untracked 
|  63|0x0000000083f00000, 0x0000000084000000, 0x0000000084000000|100%| O|  |TAMS 0x0000000084000000, 0x0000000083f00000| Untracked 
|  64|0x0000000084000000, 0x0000000084100000, 0x0000000084100000|100%| O|  |TAMS 0x0000000084100000, 0x0000000084000000| Untracked 
|  65|0x0000000084100000, 0x0000000084200000, 0x0000000084200000|100%| O|  |TAMS 0x0000000084200000, 0x0000000084100000| Untracked 
|  66|0x0000000084200000, 0x0000000084300000, 0x0000000084300000|100%| O|  |TAMS 0x0000000084300000, 0x0000000084200000| Untracked 
|  67|0x0000000084300000, 0x0000000084400000, 0x0000000084400000|100%| O|  |TAMS 0x0000000084400000, 0x0000000084300000| Untracked 
|  68|0x0000000084400000, 0x0000000084500000, 0x0000000084500000|100%| O|  |TAMS 0x0000000084500000, 0x0000000084400000| Untracked 
|  69|0x0000000084500000, 0x0000000084600000, 0x0000000084600000|100%| O|  |TAMS 0x0000000084600000, 0x0000000084500000| Untracked 
|  70|0x0000000084600000, 0x0000000084700000, 0x0000000084700000|100%| O|  |TAMS 0x0000000084700000, 0x0000000084600000| Untracked 
|  71|0x0000000084700000, 0x0000000084800000, 0x0000000084800000|100%| O|  |TAMS 0x0000000084800000, 0x0000000084700000| Untracked 
|  72|0x0000000084800000, 0x0000000084900000, 0x0000000084900000|100%| O|  |TAMS 0x0000000084900000, 0x0000000084800000| Untracked 
|  73|0x0000000084900000, 0x0000000084a00000, 0x0000000084a00000|100%| O|  |TAMS 0x0000000084a00000, 0x0000000084900000| Untracked 
|  74|0x0000000084a00000, 0x0000000084b00000, 0x0000000084b00000|100%| O|  |TAMS 0x0000000084b00000, 0x0000000084a00000| Untracked 
|  75|0x0000000084b00000, 0x0000000084c00000, 0x0000000084c00000|100%| O|  |TAMS 0x0000000084c00000, 0x0000000084b00000| Untracked 
|  76|0x0000000084c00000, 0x0000000084d00000, 0x0000000084d00000|100%| O|  |TAMS 0x0000000084d00000, 0x0000000084c00000| Untracked 
|  77|0x0000000084d00000, 0x0000000084e00000, 0x0000000084e00000|100%| O|  |TAMS 0x0000000084dda000, 0x0000000084d00000| Untracked 
|  78|0x0000000084e00000, 0x0000000084f00000, 0x0000000084f00000|100%| O|  |TAMS 0x0000000084e00000, 0x0000000084e00000| Untracked 
|  79|0x0000000084f00000, 0x0000000084fa5400, 0x0000000085000000| 64%| O|  |TAMS 0x0000000084f00000, 0x0000000084f00000| Untracked 
|  80|0x0000000085000000, 0x0000000085000000, 0x0000000085100000|  0%| F|  |TAMS 0x0000000085000000, 0x0000000085000000| Untracked 
|  81|0x0000000085100000, 0x0000000085100000, 0x0000000085200000|  0%| F|  |TAMS 0x0000000085100000, 0x0000000085100000| Untracked 
|  82|0x0000000085200000, 0x0000000085200000, 0x0000000085300000|  0%| F|  |TAMS 0x0000000085200000, 0x0000000085200000| Untracked 
|  83|0x0000000085300000, 0x0000000085300000, 0x0000000085400000|  0%| F|  |TAMS 0x0000000085300000, 0x0000000085300000| Untracked 
|  84|0x0000000085400000, 0x0000000085400000, 0x0000000085500000|  0%| F|  |TAMS 0x0000000085400000, 0x0000000085400000| Untracked 
|  85|0x0000000085500000, 0x0000000085500000, 0x0000000085600000|  0%| F|  |TAMS 0x0000000085500000, 0x0000000085500000| Untracked 
|  86|0x0000000085600000, 0x0000000085600000, 0x0000000085700000|  0%| F|  |TAMS 0x0000000085600000, 0x0000000085600000| Untracked 
|  87|0x0000000085700000, 0x0000000085700000, 0x0000000085800000|  0%| F|  |TAMS 0x0000000085700000, 0x0000000085700000| Untracked 
|  88|0x0000000085800000, 0x0000000085800000, 0x0000000085900000|  0%| F|  |TAMS 0x0000000085800000, 0x0000000085800000| Untracked 
|  89|0x0000000085900000, 0x0000000085900000, 0x0000000085a00000|  0%| F|  |TAMS 0x0000000085900000, 0x0000000085900000| Untracked 
|  90|0x0000000085a00000, 0x0000000085a00000, 0x0000000085b00000|  0%| F|  |TAMS 0x0000000085a00000, 0x0000000085a00000| Untracked 
|  91|0x0000000085b00000, 0x0000000085b00000, 0x0000000085c00000|  0%| F|  |TAMS 0x0000000085b00000, 0x0000000085b00000| Untracked 
|  92|0x0000000085c00000, 0x0000000085c00000, 0x0000000085d00000|  0%| F|  |TAMS 0x0000000085c00000, 0x0000000085c00000| Untracked 
|  93|0x0000000085d00000, 0x0000000085d91eb8, 0x0000000085e00000| 56%| S|CS|TAMS 0x0000000085d00000, 0x0000000085d00000| Complete 
|  94|0x0000000085e00000, 0x0000000085f00000, 0x0000000085f00000|100%| S|CS|TAMS 0x0000000085e00000, 0x0000000085e00000| Complete 
|  95|0x0000000085f00000, 0x0000000085f00000, 0x0000000086000000|  0%| F|  |TAMS 0x0000000085f00000, 0x0000000085f00000| Untracked 
|  96|0x0000000086000000, 0x0000000086100000, 0x0000000086100000|100%| S|CS|TAMS 0x0000000086000000, 0x0000000086000000| Complete 
|  97|0x0000000086100000, 0x0000000086100000, 0x0000000086200000|  0%| F|  |TAMS 0x0000000086100000, 0x0000000086100000| Untracked 
|  98|0x0000000086200000, 0x0000000086200000, 0x0000000086300000|  0%| F|  |TAMS 0x0000000086200000, 0x0000000086200000| Untracked 
|  99|0x0000000086300000, 0x0000000086300000, 0x0000000086400000|  0%| F|  |TAMS 0x0000000086300000, 0x0000000086300000| Untracked 
| 100|0x0000000086400000, 0x0000000086500000, 0x0000000086500000|100%| S|CS|TAMS 0x0000000086400000, 0x0000000086400000| Complete 
| 101|0x0000000086500000, 0x0000000086500000, 0x0000000086600000|  0%| F|  |TAMS 0x0000000086500000, 0x0000000086500000| Untracked 
| 102|0x0000000086600000, 0x0000000086600000, 0x0000000086700000|  0%| F|  |TAMS 0x0000000086600000, 0x0000000086600000| Untracked 
| 103|0x0000000086700000, 0x0000000086700000, 0x0000000086800000|  0%| F|  |TAMS 0x0000000086700000, 0x0000000086700000| Untracked 
| 104|0x0000000086800000, 0x0000000086800000, 0x0000000086900000|  0%| F|  |TAMS 0x0000000086800000, 0x0000000086800000| Untracked 
| 105|0x0000000086900000, 0x0000000086900000, 0x0000000086a00000|  0%| F|  |TAMS 0x0000000086900000, 0x0000000086900000| Untracked 
| 106|0x0000000086a00000, 0x0000000086a00000, 0x0000000086b00000|  0%| F|  |TAMS 0x0000000086a00000, 0x0000000086a00000| Untracked 
| 107|0x0000000086b00000, 0x0000000086b00000, 0x0000000086c00000|  0%| F|  |TAMS 0x0000000086b00000, 0x0000000086b00000| Untracked 
| 108|0x0000000086c00000, 0x0000000086c00000, 0x0000000086d00000|  0%| F|  |TAMS 0x0000000086c00000, 0x0000000086c00000| Untracked 
| 109|0x0000000086d00000, 0x0000000086d7ddd8, 0x0000000086e00000| 49%| E|  |TAMS 0x0000000086d00000, 0x0000000086d00000| Complete 
| 110|0x0000000086e00000, 0x0000000086f00000, 0x0000000086f00000|100%| E|CS|TAMS 0x0000000086e00000, 0x0000000086e00000| Complete 
| 111|0x0000000086f00000, 0x0000000087000000, 0x0000000087000000|100%| E|CS|TAMS 0x0000000086f00000, 0x0000000086f00000| Complete 
| 112|0x0000000087000000, 0x0000000087100000, 0x0000000087100000|100%| E|CS|TAMS 0x0000000087000000, 0x0000000087000000| Complete 
| 113|0x0000000087100000, 0x0000000087200000, 0x0000000087200000|100%| E|CS|TAMS 0x0000000087100000, 0x0000000087100000| Complete 
| 114|0x0000000087200000, 0x0000000087300000, 0x0000000087300000|100%| E|CS|TAMS 0x0000000087200000, 0x0000000087200000| Complete 
| 115|0x0000000087300000, 0x0000000087400000, 0x0000000087400000|100%| E|CS|TAMS 0x0000000087300000, 0x0000000087300000| Complete 
| 116|0x0000000087400000, 0x0000000087500000, 0x0000000087500000|100%| E|CS|TAMS 0x0000000087400000, 0x0000000087400000| Complete 
| 117|0x0000000087500000, 0x0000000087600000, 0x0000000087600000|100%| E|CS|TAMS 0x0000000087500000, 0x0000000087500000| Complete 
| 118|0x0000000087600000, 0x0000000087700000, 0x0000000087700000|100%| E|CS|TAMS 0x0000000087600000, 0x0000000087600000| Complete 
| 119|0x0000000087700000, 0x0000000087800000, 0x0000000087800000|100%| E|CS|TAMS 0x0000000087700000, 0x0000000087700000| Complete 
| 120|0x0000000087800000, 0x0000000087900000, 0x0000000087900000|100%| E|CS|TAMS 0x0000000087800000, 0x0000000087800000| Complete 
| 121|0x0000000087900000, 0x0000000087a00000, 0x0000000087a00000|100%| E|CS|TAMS 0x0000000087900000, 0x0000000087900000| Complete 
| 122|0x0000000087a00000, 0x0000000087b00000, 0x0000000087b00000|100%| E|CS|TAMS 0x0000000087a00000, 0x0000000087a00000| Complete 
| 123|0x0000000087b00000, 0x0000000087c00000, 0x0000000087c00000|100%| E|CS|TAMS 0x0000000087b00000, 0x0000000087b00000| Complete 
| 124|0x0000000087c00000, 0x0000000087d00000, 0x0000000087d00000|100%| E|  |TAMS 0x0000000087c00000, 0x0000000087c00000| Complete 
| 125|0x0000000087d00000, 0x0000000087e00000, 0x0000000087e00000|100%| E|CS|TAMS 0x0000000087d00000, 0x0000000087d00000| Complete 
| 126|0x0000000087e00000, 0x0000000087f00000, 0x0000000087f00000|100%| E|CS|TAMS 0x0000000087e00000, 0x0000000087e00000| Complete 
| 127|0x0000000087f00000, 0x0000000088000000, 0x0000000088000000|100%| E|CS|TAMS 0x0000000087f00000, 0x0000000087f00000| Complete 

Card table byte_map: [0x0000016331f90000,0x0000016332390000] _byte_map_base: 0x0000016331b90000

Marking Bits (Prev, Next): (CMBitMap*) 0x000001631a495c70, (CMBitMap*) 0x000001631a495c38
 Prev Bits: [0x0000016334790000, 0x0000016336790000)
 Next Bits: [0x0000016332790000, 0x0000016334790000)

Polling page: 0x00000163183b0000

Metaspace:

Usage:
  Non-class:     70.74 MB capacity,    69.39 MB ( 98%) used,     1.17 MB (  2%) free+waste,   185.94 KB ( <1%) overhead. 
      Class:     10.88 MB capacity,    10.26 MB ( 94%) used,   550.23 KB (  5%) free+waste,    86.38 KB ( <1%) overhead. 
       Both:     81.62 MB capacity,    79.65 MB ( 98%) used,     1.71 MB (  2%) free+waste,   272.31 KB ( <1%) overhead. 

Virtual space:
  Non-class space:       72.00 MB reserved,      70.75 MB ( 98%) committed 
      Class space:        1.00 GB reserved,      11.00 MB (  1%) committed 
             Both:        1.07 GB reserved,      81.75 MB (  7%) committed 

Chunk freelists:
   Non-Class:  1.75 KB
       Class:  2.75 KB
        Both:  4.50 KB

CodeHeap 'non-profiled nmethods': size=120000Kb used=4747Kb max_used=4747Kb free=115253Kb
 bounds [0x000001632a330000, 0x000001632a7e0000, 0x0000016331860000]
CodeHeap 'profiled nmethods': size=120000Kb used=16774Kb max_used=16774Kb free=103225Kb
 bounds [0x0000016322e00000, 0x0000016323e70000, 0x000001632a330000]
CodeHeap 'non-nmethods': size=5760Kb used=2271Kb max_used=2316Kb free=3488Kb
 bounds [0x0000016322860000, 0x0000016322ad0000, 0x0000016322e00000]
 total_blobs=10443 nmethods=7385 adapters=779
 compilation: enabled
              stopped_count=0, restarted_count=0
 full_count=0

Compilation events (10 events):
Event: 16.750 Thread 0x0000016339a9e800 7642       3       org.gradle.api.internal.collections.DefaultPendingSource::removeByProvider (50 bytes)
Event: 16.751 Thread 0x0000016339a9e800 nmethod 7642 0x0000016323e5e990 code [0x0000016323e5ebc0, 0x0000016323e5f650]
Event: 16.758 Thread 0x0000016339a9e800 7643       3       com.google.common.collect.Maps::newConcurrentMap (8 bytes)
Event: 16.758 Thread 0x0000016339a9e800 nmethod 7643 0x0000016323e5f890 code [0x0000016323e5fa40, 0x0000016323e5fcf8]
Event: 16.758 Thread 0x0000016339a9e800 7644       1       org.gradle.api.internal.DefaultNamedDomainObjectCollection$AbstractDomainObjectCreatingProvider::wasElementRemovedBeforeRealized (5 bytes)
Event: 16.759 Thread 0x0000016339a9e800 nmethod 7644 0x000001632a7d2610 code [0x000001632a7d27a0, 0x000001632a7d28b8]
Event: 16.784 Thread 0x0000016339a9e800 7645       3       com.android.build.api.artifact.impl.StorageProviderImpl::getStorage (87 bytes)
Event: 16.785 Thread 0x0000016339a9e800 nmethod 7645 0x0000016323e5fe10 code [0x0000016323e60100, 0x0000016323e611d0]
Event: 16.785 Thread 0x0000016339a9e800 7646  s    3       com.android.build.api.artifact.impl.TypedStorageProvider::getArtifact$gradle_core (80 bytes)
Event: 16.787 Thread 0x0000016339a9e800 nmethod 7646 0x0000016323e61710 code [0x0000016323e61940, 0x0000016323e62390]

GC Heap History (10 events):
Event: 14.347 GC heap before
{Heap before GC invocations=20 (full 0):
 garbage-first heap   total 131072K, used 108100K [0x0000000080000000, 0x0000000100000000)
  region size 1024K, 36 young (36864K), 5 survivors (5120K)
 Metaspace       used 71633K, capacity 73481K, committed 73600K, reserved 1114112K
  class space    used 9181K, capacity 9795K, committed 9856K, reserved 1048576K
}
Event: 14.358 GC heap after
{Heap after GC invocations=21 (full 0):
 garbage-first heap   total 131072K, used 78451K [0x0000000080000000, 0x0000000100000000)
  region size 1024K, 3 young (3072K), 3 survivors (3072K)
 Metaspace       used 71633K, capacity 73481K, committed 73600K, reserved 1114112K
  class space    used 9181K, capacity 9795K, committed 9856K, reserved 1048576K
}
Event: 14.890 GC heap before
{Heap before GC invocations=21 (full 0):
 garbage-first heap   total 131072K, used 108147K [0x0000000080000000, 0x0000000100000000)
  region size 1024K, 32 young (32768K), 3 survivors (3072K)
 Metaspace       used 73993K, capacity 75935K, committed 76288K, reserved 1116160K
  class space    used 9517K, capacity 10141K, committed 10240K, reserved 1048576K
}
Event: 14.897 GC heap after
{Heap after GC invocations=22 (full 0):
 garbage-first heap   total 131072K, used 79698K [0x0000000080000000, 0x0000000100000000)
  region size 1024K, 4 young (4096K), 4 survivors (4096K)
 Metaspace       used 73993K, capacity 75935K, committed 76288K, reserved 1116160K
  class space    used 9517K, capacity 10141K, committed 10240K, reserved 1048576K
}
Event: 15.537 GC heap before
{Heap before GC invocations=23 (full 0):
 garbage-first heap   total 131072K, used 109394K [0x0000000080000000, 0x0000000100000000)
  region size 1024K, 33 young (33792K), 4 survivors (4096K)
 Metaspace       used 76848K, capacity 78818K, committed 79104K, reserved 1118208K
  class space    used 9817K, capacity 10414K, committed 10496K, reserved 1048576K
}
Event: 15.544 GC heap after
{Heap after GC invocations=24 (full 0):
 garbage-first heap   total 131072K, used 81578K [0x0000000080000000, 0x0000000100000000)
  region size 1024K, 4 young (4096K), 4 survivors (4096K)
 Metaspace       used 76848K, capacity 78818K, committed 79104K, reserved 1118208K
  class space    used 9817K, capacity 10414K, committed 10496K, reserved 1048576K
}
Event: 15.966 GC heap before
{Heap before GC invocations=24 (full 0):
 garbage-first heap   total 131072K, used 110250K [0x0000000080000000, 0x0000000100000000)
  region size 1024K, 32 young (32768K), 4 survivors (4096K)
 Metaspace       used 78724K, capacity 80606K, committed 80896K, reserved 1120256K
  class space    used 10071K, capacity 10658K, committed 10752K, reserved 1048576K
}
Event: 15.977 GC heap after
{Heap after GC invocations=25 (full 0):
 garbage-first heap   total 131072K, used 83421K [0x0000000080000000, 0x0000000100000000)
  region size 1024K, 4 young (4096K), 4 survivors (4096K)
 Metaspace       used 78724K, capacity 80606K, committed 80896K, reserved 1120256K
  class space    used 10071K, capacity 10658K, committed 10752K, reserved 1048576K
}
Event: 16.462 GC heap before
{Heap before GC invocations=26 (full 0):
 garbage-first heap   total 131072K, used 111069K [0x0000000080000000, 0x0000000100000000)
  region size 1024K, 31 young (31744K), 4 survivors (4096K)
 Metaspace       used 80266K, capacity 82247K, committed 82432K, reserved 1120256K
  class space    used 10327K, capacity 10961K, committed 11008K, reserved 1048576K
}
Event: 16.471 GC heap after
{Heap after GC invocations=27 (full 0):
 garbage-first heap   total 131072K, used 85212K [0x0000000080000000, 0x0000000100000000)
  region size 1024K, 4 young (4096K), 4 survivors (4096K)
 Metaspace       used 80266K, capacity 82247K, committed 82432K, reserved 1120256K
  class space    used 10327K, capacity 10961K, committed 11008K, reserved 1048576K
}

Deoptimization events (10 events):
Event: 16.017 Thread 0x000001633af6f800 Uncommon trap: reason=unstable_if action=reinterpret pc=0x000001632a60c21c method=jdk.internal.org.objectweb.asm.Type.getType([CI)Ljdk/internal/org/objectweb/asm/Type; @ 3 c2
Event: 16.032 Thread 0x000001633af6f800 Uncommon trap: reason=class_check action=maybe_recompile pc=0x000001632a5389e0 method=org.codehaus.groovy.reflection.ParameterTypes.getParametersTypes0()V @ 16 c2
Event: 16.033 Thread 0x000001633af6f800 Uncommon trap: reason=class_check action=maybe_recompile pc=0x000001632a5389e0 method=org.codehaus.groovy.reflection.ParameterTypes.getParametersTypes0()V @ 16 c2
Event: 16.125 Thread 0x000001633af6f800 Uncommon trap: reason=unstable_if action=reinterpret pc=0x000001632a394300 method=java.util.HashMap.resize()[Ljava/util/HashMap$Node; @ 203 c2
Event: 16.125 Thread 0x000001633af6f800 Uncommon trap: reason=unstable_if action=reinterpret pc=0x000001632a613e70 method=java.util.HashMap.getNode(ILjava/lang/Object;)Ljava/util/HashMap$Node; @ 84 c2
Event: 16.126 Thread 0x000001633af6f800 Uncommon trap: reason=unstable_if action=reinterpret pc=0x000001632a6bf4f4 method=java.util.HashMap.getNode(ILjava/lang/Object;)Ljava/util/HashMap$Node; @ 84 c2
Event: 16.126 Thread 0x000001633af6f800 Uncommon trap: reason=unstable_if action=reinterpret pc=0x000001632a43db4c method=java.util.HashMap.getNode(ILjava/lang/Object;)Ljava/util/HashMap$Node; @ 84 c2
Event: 16.163 Thread 0x000001633af6f800 Uncommon trap: reason=unstable_if action=reinterpret pc=0x000001632a526c0c method=java.io.WinNTFileSystem.normalize(Ljava/lang/String;)Ljava/lang/String; @ 74 c2
Event: 16.656 Thread 0x000001633af6f800 Uncommon trap: reason=unstable_if action=reinterpret pc=0x000001632a59d178 method=java.util.HashMap.putVal(ILjava/lang/Object;Ljava/lang/Object;ZZ)Ljava/lang/Object; @ 109 c2
Event: 16.656 Thread 0x000001633af6f800 Uncommon trap: reason=unstable_if action=reinterpret pc=0x000001632a5223dc method=java.util.HashMap.putVal(ILjava/lang/Object;Ljava/lang/Object;ZZ)Ljava/lang/Object; @ 109 c2

Classes redefined (0 events):
No events

Internal exceptions (10 events):
Event: 16.045 Thread 0x000001633af6f800 Exception <a 'java/lang/ClassNotFoundException'{0x0000000087b3bb98}: org/gradle/api/tasks/testing/AbstractTestTaskBeanInfo> (0x0000000087b3bb98) thrown at [./open/src/hotspot/share/classfile/systemDictionary.cpp, line 228]
Event: 16.046 Thread 0x000001633af6f800 Exception <a 'java/lang/ClassNotFoundException'{0x0000000087b565f0}: org/gradle/api/tasks/testing/AbstractTestTaskCustomizer> (0x0000000087b565f0) thrown at [./open/src/hotspot/share/classfile/systemDictionary.cpp, line 228]
Event: 16.048 Thread 0x000001633af6f800 Exception <a 'java/lang/ClassNotFoundException'{0x0000000087b8c9e0}: org/gradle/api/tasks/testing/TestCustomizer> (0x0000000087b8c9e0) thrown at [./open/src/hotspot/share/classfile/systemDictionary.cpp, line 228]
Event: 16.058 Thread 0x000001633af6f800 Exception <a 'java/lang/ClassNotFoundException'{0x0000000087a3b3e8}: com/android/build/gradle/tasks/factory/AndroidUnitTestCustomizer> (0x0000000087a3b3e8) thrown at [./open/src/hotspot/share/classfile/systemDictionary.cpp, line 228]
Event: 16.059 Thread 0x000001633af6f800 Exception <a 'java/lang/ClassNotFoundException'{0x0000000087a6ccf8}: com/android/build/gradle/tasks/factory/AndroidUnitTest_DecoratedCustomizer> (0x0000000087a6ccf8) thrown at [./open/src/hotspot/share/classfile/systemDictionary.cpp, line 228]
Event: 16.262 Thread 0x000001633af6f800 Exception <a 'java/lang/ClassNotFoundException'{0x0000000086f31f20}: org/gradle/api/internal/tasks/DefaultSourceSetContainer_DecoratedBeanInfo> (0x0000000086f31f20) thrown at [./open/src/hotspot/share/classfile/systemDictionary.cpp, line 228]
Event: 16.263 Thread 0x000001633af6f800 Exception <a 'java/lang/ClassNotFoundException'{0x0000000086f4d540}: org/gradle/api/internal/tasks/DefaultSourceSetContainerBeanInfo> (0x0000000086f4d540) thrown at [./open/src/hotspot/share/classfile/systemDictionary.cpp, line 228]
Event: 16.264 Thread 0x000001633af6f800 Exception <a 'java/lang/ClassNotFoundException'{0x0000000086f67920}: org/gradle/api/internal/tasks/DefaultSourceSetContainerCustomizer> (0x0000000086f67920) thrown at [./open/src/hotspot/share/classfile/systemDictionary.cpp, line 228]
Event: 16.266 Thread 0x000001633af6f800 Exception <a 'java/lang/ClassNotFoundException'{0x0000000086f90380}: org/gradle/api/internal/tasks/DefaultSourceSetContainer_DecoratedCustomizer> (0x0000000086f90380) thrown at [./open/src/hotspot/share/classfile/systemDictionary.cpp, line 228]
Event: 16.559 Thread 0x000001633af6f800 Exception <a 'java/lang/NoSuchMethodError'{0x0000000087bf4848}: java.lang.invoke.Invokers$Holder.linkToTargetMethod(Ljava/lang/Object;IILjava/lang/Object;)Ljava/lang/Object;> (0x0000000087bf4848) thrown at [./open/src/hotspot/share/interpreter/linkResolve

Events (10 events):
Event: 16.754 Thread 0x000001633af6f800 DEOPT PACKING pc=0x0000016323e26e50 sp=0x0000003c520f82d0
Event: 16.754 Thread 0x000001633af6f800 DEOPT UNPACKING pc=0x0000016322888d4e sp=0x0000003c520f77e8 mode 0
Event: 16.759 loading class android/databinding/tool/store/LayoutInfoInput$Args
Event: 16.759 loading class android/databinding/tool/store/LayoutInfoInput$Args done
Event: 16.767 loading class com/android/build/gradle/internal/tasks/databinding/DataBindingCompilerArguments
Event: 16.767 loading class com/android/build/gradle/internal/tasks/databinding/DataBindingCompilerArguments done
Event: 16.775 loading class com/android/build/gradle/internal/tasks/databinding/DataBindingCompilerArguments$Companion
Event: 16.775 loading class com/android/build/gradle/internal/tasks/databinding/DataBindingCompilerArguments$Companion done
Event: 16.785 loading class com/android/build/gradle/internal/packaging/JarCreatorType
Event: 16.785 loading class com/android/build/gradle/internal/packaging/JarCreatorType done


Dynamic libraries:
0x00007ff606290000 - 0x00007ff6062d7000 	C:\Program Files\Java\jdk-11.0.7\bin\java.exe
0x00007ffd888a0000 - 0x00007ffd88a8d000 	C:\Windows\SYSTEM32\ntdll.dll
0x00007ffd87750000 - 0x00007ffd87804000 	C:\Windows\System32\KERNEL32.DLL
0x00007ffd84db0000 - 0x00007ffd85044000 	C:\Windows\System32\KERNELBASE.dll
0x00007ffd874b0000 - 0x00007ffd87557000 	C:\Windows\System32\ADVAPI32.dll
0x00007ffd887c0000 - 0x00007ffd8885e000 	C:\Windows\System32\msvcrt.dll
0x00007ffd87d10000 - 0x00007ffd87daf000 	C:\Windows\System32\sechost.dll
0x00007ffd88260000 - 0x00007ffd8837d000 	C:\Windows\System32\RPCRT4.dll
0x00007ffd883e0000 - 0x00007ffd88577000 	C:\Windows\System32\USER32.dll
0x00007ffd84ad0000 - 0x00007ffd84af0000 	C:\Windows\System32\win32u.dll
0x00007ffd88720000 - 0x00007ffd88749000 	C:\Windows\System32\GDI32.dll
0x00007ffd84930000 - 0x00007ffd84acc000 	C:\Windows\System32\gdi32full.dll
0x00007ffd84b10000 - 0x00007ffd84bb0000 	C:\Windows\System32\msvcp_win.dll
0x00007ffd85170000 - 0x00007ffd8526a000 	C:\Windows\System32\ucrtbase.dll
0x00007ffd71580000 - 0x00007ffd717f9000 	C:\Windows\WinSxS\amd64_microsoft.windows.common-controls_6595b64144ccf1df_6.0.17763.2686_none_de755d285347a0fe\COMCTL32.dll
0x00007ffd82720000 - 0x00007ffd8272a000 	C:\Windows\SYSTEM32\VERSION.dll
0x00007ffd879e0000 - 0x00007ffd87d0d000 	C:\Windows\System32\combase.dll
0x00007ffd85a40000 - 0x00007ffd85ac2000 	C:\Windows\System32\bcryptPrimitives.dll
0x00007ffd880c0000 - 0x00007ffd880ee000 	C:\Windows\System32\IMM32.DLL
0x00007ffd73320000 - 0x00007ffd73336000 	C:\Program Files\Java\jdk-11.0.7\bin\vcruntime140.dll
0x00007ffd706a0000 - 0x00007ffd7074a000 	C:\Program Files\Java\jdk-11.0.7\bin\msvcp140.dll
0x00007ffd3fa00000 - 0x00007ffd40561000 	C:\Program Files\Java\jdk-11.0.7\bin\server\jvm.dll
0x00007ffd88860000 - 0x00007ffd88868000 	C:\Windows\System32\PSAPI.DLL
0x00007ffd74bb0000 - 0x00007ffd74bb9000 	C:\Windows\SYSTEM32\WSOCK32.dll
0x00007ffd81c00000 - 0x00007ffd81c24000 	C:\Windows\SYSTEM32\WINMM.dll
0x00007ffd88750000 - 0x00007ffd887bd000 	C:\Windows\System32\WS2_32.dll
0x00007ffd81bd0000 - 0x00007ffd81bfd000 	C:\Windows\SYSTEM32\winmmbase.dll
0x00007ffd859f0000 - 0x00007ffd85a3a000 	C:\Windows\System32\cfgmgr32.dll
0x00007ffd84860000 - 0x00007ffd84871000 	C:\Windows\System32\kernel.appcore.dll
0x00007ffd73270000 - 0x00007ffd73281000 	C:\Program Files\Java\jdk-11.0.7\bin\verify.dll
0x00007ffd83030000 - 0x00007ffd8321d000 	C:\Windows\SYSTEM32\DBGHELP.DLL
0x00007ffd73090000 - 0x00007ffd730ba000 	C:\Windows\SYSTEM32\dbgcore.DLL
0x00007ffd71990000 - 0x00007ffd719b9000 	C:\Program Files\Java\jdk-11.0.7\bin\java.dll
0x00007ffd79890000 - 0x00007ffd7989a000 	C:\Program Files\Java\jdk-11.0.7\bin\jimage.dll
0x00007ffd72de0000 - 0x00007ffd72df6000 	C:\Program Files\Java\jdk-11.0.7\bin\zip.dll
0x00007ffd85ad0000 - 0x00007ffd86fc9000 	C:\Windows\System32\SHELL32.dll
0x00007ffd88100000 - 0x00007ffd881a8000 	C:\Windows\System32\shcore.dll
0x00007ffd85270000 - 0x00007ffd859b8000 	C:\Windows\System32\windows.storage.dll
0x00007ffd84880000 - 0x00007ffd848a4000 	C:\Windows\System32\profapi.dll
0x00007ffd848d0000 - 0x00007ffd8492d000 	C:\Windows\System32\powrprof.dll
0x00007ffd86fd0000 - 0x00007ffd87022000 	C:\Windows\System32\shlwapi.dll
0x00007ffd84af0000 - 0x00007ffd84b07000 	C:\Windows\System32\cryptsp.dll
0x00007ffd71370000 - 0x00007ffd71389000 	C:\Program Files\Java\jdk-11.0.7\bin\net.dll
0x00007ffd7c3b0000 - 0x00007ffd7c4a1000 	C:\Windows\SYSTEM32\WINHTTP.dll
0x00007ffd84050000 - 0x00007ffd840b7000 	C:\Windows\system32\mswsock.dll
0x00007ffd70680000 - 0x00007ffd70693000 	C:\Program Files\Java\jdk-11.0.7\bin\nio.dll
0x00007ffd74c50000 - 0x00007ffd74c77000 	C:\Users\Ivan\.gradle\native\fdc75f09e3144964f2cf3f50f0aa648679c211496f362492102eb8c894070792\windows-amd64\native-platform.dll
0x00007ffd70750000 - 0x00007ffd708e6000 	C:\Users\Ivan\.gradle\native\12488b8bf47d2d4c9fbf2f6322a914ad602e24e48041cd04a747c6da556b65c4\windows-amd64\native-platform-file-events.dll
0x00007ffd79330000 - 0x00007ffd79339000 	C:\Program Files\Java\jdk-11.0.7\bin\management.dll
0x00007ffd77ae0000 - 0x00007ffd77aec000 	C:\Program Files\Java\jdk-11.0.7\bin\management_ext.dll
0x00007ffd83bd0000 - 0x00007ffd83c03000 	C:\Windows\system32\rsaenh.dll
0x00007ffd859c0000 - 0x00007ffd859e6000 	C:\Windows\System32\bcrypt.dll
0x00007ffd84790000 - 0x00007ffd847b9000 	C:\Windows\SYSTEM32\USERENV.dll
0x00007ffd84220000 - 0x00007ffd8422c000 	C:\Windows\SYSTEM32\CRYPTBASE.dll
0x00007ffd83d60000 - 0x00007ffd83d9e000 	C:\Windows\SYSTEM32\IPHLPAPI.DLL
0x00007ffd88580000 - 0x00007ffd88588000 	C:\Windows\System32\NSI.dll
0x00007ffd78c40000 - 0x00007ffd78c56000 	C:\Windows\SYSTEM32\dhcpcsvc6.DLL
0x00007ffd79090000 - 0x00007ffd790ac000 	C:\Windows\SYSTEM32\dhcpcsvc.DLL
0x00007ffd83da0000 - 0x00007ffd83e66000 	C:\Windows\SYSTEM32\DNSAPI.dll
0x00007ffd7d610000 - 0x00007ffd7d61b000 	C:\Windows\SYSTEM32\WINNSI.DLL

dbghelp: loaded successfully - version: 4.0.5 - missing functions: none
symbol engine: initialized successfully - sym options: 0x614 - pdb path: .;C:\Program Files\Java\jdk-11.0.7\bin;C:\Windows\SYSTEM32;C:\Windows\WinSxS\amd64_microsoft.windows.common-controls_6595b64144ccf1df_6.0.17763.2686_none_de755d285347a0fe;C:\Program Files\Java\jdk-11.0.7\bin\server;C:\Users\Ivan\.gradle\native\fdc75f09e3144964f2cf3f50f0aa648679c211496f362492102eb8c894070792\windows-amd64;C:\Users\Ivan\.gradle\native\12488b8bf47d2d4c9fbf2f6322a914ad602e24e48041cd04a747c6da556b65c4\windows-amd64

VM Arguments:
jvm_args: --add-opens=java.base/java.util=ALL-UNNAMED --add-opens=java.base/java.lang=ALL-UNNAMED --add-opens=java.base/java.lang.invoke=ALL-UNNAMED --add-opens=java.prefs/java.util.prefs=ALL-UNNAMED -Xmx2048m -Dfile.encoding=UTF-8 -Duser.country=RU -Duser.language=ru -Duser.variant 
java_command: org.gradle.launcher.daemon.bootstrap.GradleDaemon 6.7.1
java_class_path (initial): C:\Users\Ivan\.gradle\wrapper\dists\gradle-6.7.1-bin\bwlcbys1h7rz3272sye1xwiv6\gradle-6.7.1\lib\gradle-launcher-6.7.1.jar
Launcher Type: SUN_STANDARD

[Global flags]
     intx CICompilerCount                          = 4                                         {product} {ergonomic}
     uint ConcGCThreads                            = 2                                         {product} {ergonomic}
     uint G1ConcRefinementThreads                  = 8                                         {product} {ergonomic}
   size_t G1HeapRegionSize                         = 1048576                                   {product} {ergonomic}
    uintx GCDrainStackTargetSize                   = 64                                        {product} {ergonomic}
   size_t InitialHeapSize                          = 134217728                                 {product} {ergonomic}
   size_t MarkStackSize                            = 4194304                                   {product} {ergonomic}
   size_t MaxHeapSize                              = 2147483648                                {product} {command line}
   size_t MaxNewSize                               = 1287651328                                {product} {ergonomic}
   size_t MinHeapDeltaBytes                        = 1048576                                   {product} {ergonomic}
    uintx NonNMethodCodeHeapSize                   = 5836300                                {pd product} {ergonomic}
    uintx NonProfiledCodeHeapSize                  = 122910970                              {pd product} {ergonomic}
    uintx ProfiledCodeHeapSize                     = 122910970                              {pd product} {ergonomic}
    uintx ReservedCodeCacheSize                    = 251658240                              {pd product} {ergonomic}
     bool SegmentedCodeCache                       = true                                      {product} {ergonomic}
     bool UseCompressedClassPointers               = true                                 {lp64_product} {ergonomic}
     bool UseCompressedOops                        = true                                 {lp64_product} {ergonomic}
     bool UseG1GC                                  = true                                      {product} {ergonomic}
     bool UseLargePagesIndividualAllocation        = false                                  {pd product} {ergonomic}

Logging:
Log output configuration:
 #0: stdout all=warning uptime,level,tags
 #1: stderr all=off uptime,level,tags

Environment Variables:
PATH=C:\Program Files (x86)\Common Files\Oracle\Java\javapath;C:\Windows\system32;C:\Windows;C:\Windows\System32\Wbem;C:\Windows\System32\WindowsPowerShell\v1.0\;C:\Windows\System32\OpenSSH\;C:\Program Files\PuTTY\;C:\Program Files (x86)\IVI Foundation\VISA\WinNT\Bin;C:\Program Files\Git\cmd;C:\Program Files (x86)\MGLTools-1.5.7;C:\Users\Ivan\AppData\Local\Microsoft\WindowsApps;
USERNAME=Ivan
OS=Windows_NT
PROCESSOR_IDENTIFIER=Intel64 Family 6 Model 142 Stepping 12, GenuineIntel



---------------  S Y S T E M  ---------------

OS: Windows 10 , 64 bit Build 17763 (10.0.17763.2686)

CPU:total 8 (initial active 8) (4 cores per cpu, 2 threads per core) family 6 model 142 stepping 12, cmov, cx8, fxsr, mmx, sse, sse2, sse3, ssse3, sse4.1, sse4.2, popcnt, avx, avx2, aes, clmul, erms, 3dnowpref, lzcnt, ht, tsc, tscinvbit, bmi1, bmi2, adx, fma

Memory: 4k page, system-wide physical 8071M (1373M free)
TotalPageFile size 8871M (AvailPageFile size 5M)
current process WorkingSet (physical memory assigned to process): 376M, peak: 380M
current process commit charge ("private bytes"): 423M, peak: 430M

vm_info: Java HotSpot(TM) 64-Bit Server VM (11.0.7+8-LTS) for windows-amd64 JRE (11.0.7+8-LTS), built on Mar 12 2020 02:04:32 by "mach5one" with MS VC++ 15.5 (VS2017)

END.
